0 info it worked if it ends with ok
1 verbose cli [ 'c:\\Program Files\\nodejs\\node.exe',
1 verbose cli   'c:\\Program Files\\nodejs\\node_modules\\npm\\bin\\npm-cli.js',
1 verbose cli   'install',
1 verbose cli   'ionicons' ]
2 info using npm@1.4.28
3 info using node@v0.10.33
4 warn package.json movies@1.0.0 No repository field.
5 warn package.json movies@1.0.0 No README data
6 verbose readDependencies using package.json deps
7 verbose cache add [ 'ionicons', null ]
8 verbose cache add name=undefined spec="ionicons" args=["ionicons",null]
9 verbose parsed url { protocol: null,
9 verbose parsed url   slashes: null,
9 verbose parsed url   auth: null,
9 verbose parsed url   host: null,
9 verbose parsed url   port: null,
9 verbose parsed url   hostname: null,
9 verbose parsed url   hash: null,
9 verbose parsed url   search: null,
9 verbose parsed url   query: null,
9 verbose parsed url   pathname: 'ionicons',
9 verbose parsed url   path: 'ionicons',
9 verbose parsed url   href: 'ionicons' }
10 silly lockFile 20df1ae3-ionicons ionicons
11 verbose lock ionicons C:\Users\Rico\AppData\Roaming\npm-cache\20df1ae3-ionicons.lock
12 silly lockFile 20df1ae3-ionicons ionicons
13 silly lockFile 20df1ae3-ionicons ionicons
14 verbose addNamed [ 'ionicons', '' ]
15 verbose addNamed [ null, '*' ]
16 silly lockFile a05aee26-ionicons ionicons@
17 verbose lock ionicons@ C:\Users\Rico\AppData\Roaming\npm-cache\a05aee26-ionicons.lock
18 silly addNameRange { name: 'ionicons', range: '*', hasData: false }
19 verbose request where is /ionicons
20 verbose request registry https://registry.npmjs.org/
21 verbose request id f4b0518684aaab9e
22 verbose url raw /ionicons
23 verbose url resolving [ 'https://registry.npmjs.org/', './ionicons' ]
24 verbose url resolved https://registry.npmjs.org/ionicons
25 verbose request where is https://registry.npmjs.org/ionicons
26 info trying registry request attempt 1 at 23:55:55
27 http GET https://registry.npmjs.org/ionicons
28 http 404 https://registry.npmjs.org/ionicons
29 verbose headers { date: 'Tue, 10 Feb 2015 21:55:55 GMT',
29 verbose headers   server: 'CouchDB/1.6.1 (Erlang OTP/R14B04)',
29 verbose headers   'content-type': 'application/json',
29 verbose headers   'cache-control': 'max-age=0',
29 verbose headers   'content-length': '52',
29 verbose headers   'accept-ranges': 'bytes',
29 verbose headers   via: '1.1 varnish',
29 verbose headers   age: '0',
29 verbose headers   'x-served-by': 'cache-ams4133-AMS',
29 verbose headers   'x-cache': 'MISS',
29 verbose headers   'x-cache-hits': '0',
29 verbose headers   'x-timer': 'S1423605354.829216,VS0,VE407',
29 verbose headers   'keep-alive': 'timeout=10, max=50',
29 verbose headers   connection: 'Keep-Alive' }
30 silly registry.get cb [ 404,
30 silly registry.get   { date: 'Tue, 10 Feb 2015 21:55:55 GMT',
30 silly registry.get     server: 'CouchDB/1.6.1 (Erlang OTP/R14B04)',
30 silly registry.get     'content-type': 'application/json',
30 silly registry.get     'cache-control': 'max-age=0',
30 silly registry.get     'content-length': '52',
30 silly registry.get     'accept-ranges': 'bytes',
30 silly registry.get     via: '1.1 varnish',
30 silly registry.get     age: '0',
30 silly registry.get     'x-served-by': 'cache-ams4133-AMS',
30 silly registry.get     'x-cache': 'MISS',
30 silly registry.get     'x-cache-hits': '0',
30 silly registry.get     'x-timer': 'S1423605354.829216,VS0,VE407',
30 silly registry.get     'keep-alive': 'timeout=10, max=50',
30 silly registry.get     connection: 'Keep-Alive' } ]
31 silly lockFile a05aee26-ionicons ionicons@
32 silly lockFile a05aee26-ionicons ionicons@
33 error 404 404 Not Found: ionicons
33 error 404
33 error 404 'ionicons' is not in the npm registry.
33 error 404 You should bug the author to publish it
33 error 404 It was specified as a dependency of 'movies'
33 error 404
33 error 404 Note that you can also install from a
33 error 404 tarball, folder, or http url, or git url.
34 error System Windows_NT 6.2.9200
35 error command "c:\\Program Files\\nodejs\\node.exe" "c:\\Program Files\\nodejs\\node_modules\\npm\\bin\\npm-cli.js" "install" "ionicons"
36 error cwd c:\Users\Rico\Movies
37 error node -v v0.10.33
38 error npm -v 1.4.28
39 error code E404
40 verbose exit [ 1, true ]
